\BOOKMARK [1][-]{section.1}{\376\377\000I\000n\000t\000r\000o\000d\000u\000z\000i\000o\000n\000e}{}% 1
\BOOKMARK [2][-]{subsection.1.1}{\376\377\000S\000c\000o\000p\000o\000\040\000d\000e\000l\000\040\000d\000o\000c\000u\000m\000e\000n\000t\000o}{section.1}% 2
\BOOKMARK [2][-]{subsection.1.2}{\376\377\000S\000c\000o\000p\000o\000\040\000d\000e\000l\000\040\000p\000r\000o\000d\000o\000t\000t\000o}{section.1}% 3
\BOOKMARK [2][-]{subsection.1.3}{\376\377\000G\000l\000o\000s\000s\000a\000r\000i\000o\000\040\000\050\000d\000a\000\040\000i\000n\000i\000z\000i\000a\000l\000i\000z\000z\000a\000r\000e\000\040\000\051}{section.1}% 4
\BOOKMARK [2][-]{subsection.1.4}{\376\377\000R\000i\000f\000e\000r\000i\000m\000e\000n\000t\000i}{section.1}% 5
\BOOKMARK [3][-]{subsubsection.1.4.1}{\376\377\000R\000i\000f\000e\000r\000i\000m\000e\000n\000t\000i\000\040\000n\000o\000r\000m\000a\000t\000i\000v\000i}{subsection.1.4}% 6
\BOOKMARK [3][-]{subsubsection.1.4.2}{\376\377\000R\000i\000f\000e\000r\000i\000m\000e\000n\000t\000i\000\040\000i\000n\000f\000o\000r\000m\000a\000t\000i\000v\000i}{subsection.1.4}% 7
\BOOKMARK [1][-]{section.2}{\376\377\000C\000a\000l\000e\000n\000d\000a\000r\000i\000o\000\040\000d\000i\000\040\000m\000a\000s\000s\000i\000m\000a\000\040\000d\000e\000l\000\040\000p\000r\000o\000g\000e\000t\000t\000o}{}% 8
\BOOKMARK [2][-]{subsection.2.1}{\376\377\000I\000n\000t\000r\000o\000d\000u\000z\000i\000o\000n\000e}{section.2}% 9
\BOOKMARK [1][-]{section.3}{\376\377\000S\000t\000i\000m\000a\000\040\000d\000e\000i\000\040\000c\000o\000s\000t\000i\000\040\000d\000i\000\040\000r\000e\000a\000l\000i\000z\000z\000a\000z\000i\000o\000n\000e}{}% 10
\BOOKMARK [1][-]{section.4}{\376\377\000R\000i\000s\000c\000h\000i\000\040\000e\000\040\000l\000o\000r\000o\000\040\000m\000i\000t\000i\000g\000a\000z\000i\000o\000n\000e}{}% 11
\BOOKMARK [2][-]{subsection.4.1}{\376\377\000R\000i\000s\000c\000h\000i\000\040\000p\000e\000r\000s\000o\000n\000a\000l\000i}{section.4}% 12
\BOOKMARK [3][-]{subsubsection.4.1.1}{\376\377\000I\000m\000p\000e\000g\000n\000i\000\040\000e\000\040\000p\000r\000o\000b\000l\000e\000m\000i\000\040\000p\000e\000r\000s\000o\000n\000a\000l\000i}{subsection.4.1}% 13
\BOOKMARK [3][-]{subsubsection.4.1.2}{\376\377\000P\000r\000o\000b\000l\000e\000m\000i\000\040\000f\000r\000a\000\040\000c\000o\000m\000p\000o\000n\000e\000n\000t\000i\000\040\000d\000e\000l\000\040\000g\000r\000u\000p\000p\000o}{subsection.4.1}% 14
\BOOKMARK [2][-]{subsection.4.2}{\376\377\000R\000i\000s\000c\000h\000i\000\040\000o\000r\000g\000a\000n\000i\000z\000z\000a\000t\000i\000v\000i}{section.4}% 15
\BOOKMARK [3][-]{subsubsection.4.2.1}{\376\377\000C\000a\000r\000i\000c\000o\000\040\000d\000i\000\040\000l\000a\000v\000o\000r\000o\000\040\000d\000i\000s\000t\000r\000i\000b\000u\000i\000t\000o\000\040\000i\000n\000\040\000m\000a\000n\000i\000e\000r\000a\000\040\000n\000o\000n\000\040\000e\000q\000u\000i\000l\000i\000b\000r\000a\000t\000a}{subsection.4.2}% 16
\BOOKMARK [3][-]{subsubsection.4.2.2}{\376\377\000S\000o\000t\000t\000o\000s\000t\000i\000m\000a\000\040\000d\000e\000l\000\040\000t\000e\000m\000p\000o\000\040\000n\000e\000c\000e\000s\000s\000a\000r\000i\000o\000\040\000p\000e\000r\000\040\000u\000n\000a\000\040\000a\000t\000t\000i\000v\000i\000t\000\340}{subsection.4.2}% 17
\BOOKMARK [2][-]{subsection.4.3}{\376\377\000R\000i\000s\000c\000h\000i\000\040\000t\000e\000c\000n\000o\000l\000o\000g\000i\000c\000i}{section.4}% 18
\BOOKMARK [1][-]{section.5}{\376\377\000P\000i\000a\000n\000i\000f\000i\000c\000a\000z\000i\000o\000n\000e}{}% 19
\BOOKMARK [2][-]{subsection.5.1}{\376\377\000R\000e\000q\000u\000i\000r\000e\000m\000e\000n\000t\000s\000\040\000a\000n\000d\000\040\000T\000e\000c\000h\000n\000o\000l\000o\000g\000y\000\040\000B\000a\000s\000e\000l\000i\000n\000e}{section.5}% 20
\BOOKMARK [2][-]{subsection.5.2}{\376\377\000P\000r\000o\000d\000u\000c\000t\000\040\000B\000a\000s\000e\000l\000i\000n\000e}{section.5}% 21
\BOOKMARK [1][-]{section.6}{\376\377\000P\000r\000e\000v\000e\000n\000t\000i\000v\000o}{}% 22
\BOOKMARK [1][-]{section.7}{\376\377\000C\000o\000n\000s\000u\000n\000t\000i\000v\000o}{}% 23
\BOOKMARK [1][-]{section.8}{\376\377\000R\000e\000t\000r\000o\000s\000p\000e\000t\000t\000i\000v\000a\000\040\000g\000e\000n\000e\000r\000a\000l\000e}{}% 24
\BOOKMARK [2][-]{subsection.8.1}{\376\377\000G\000e\000s\000t\000i\000o\000n\000e\000\040\000d\000e\000l\000l\000e\000\040\000r\000i\000s\000o\000r\000s\000e}{section.8}% 25
\BOOKMARK [3][-]{subsubsection.8.1.1}{\376\377\000T\000e\000m\000p\000o}{subsection.8.1}% 26
\BOOKMARK [3][-]{subsubsection.8.1.2}{\376\377\000B\000u\000d\000g\000e\000t}{subsection.8.1}% 27
\BOOKMARK [2][-]{subsection.8.2}{\376\377\000A\000s\000p\000e\000t\000t\000i\000\040\000p\000o\000s\000i\000t\000i\000v\000i}{section.8}% 28
\BOOKMARK [2][-]{subsection.8.3}{\376\377\000A\000s\000p\000e\000t\000t\000i\000\040\000n\000e\000g\000a\000t\000i\000v\000i}{section.8}% 29
\BOOKMARK [2][-]{subsection.8.4}{\376\377\000C\000o\000n\000c\000l\000u\000s\000i\000o\000n\000i}{section.8}% 30
